<?xml version="1.0" encoding="UTF-8"?>
<!-- Generated by org.testng.reporters.JUnitReportReporter -->
<testsuite hostname="lalitha" failures="0" tests="3" name="Automation.Test3" time="0.006" errors="0" timestamp="2020-04-19T23:04:13 IST" skipped="0">
  <testcase classname="Automation.Test3" name="Test3Method1" time="0.003"/>
  <system-out/>
  <testcase classname="Automation.Test3" name="Test3Method2" time="0.001"/>
  <system-out/>
  <testcase classname="Automation.Test3" name="Test3Method3" time="0.002"/>
  <system-out/>
</testsuite> <!-- Automation.Test3 -->
