<?xml version="1.0" encoding="UTF-8"?>
<!-- Generated by org.testng.reporters.JUnitReportReporter -->
<testsuite hostname="lalitha" failures="0" tests="1" name="Automation.NewClass" time="0.016" errors="0" timestamp="2020-04-19T17:25:52 IST" skipped="0">
  <testcase classname="Automation.NewClass" name="NoTest" time="0.016"/>
  <system-out/>
</testsuite> <!-- Automation.NewClass -->
