<?xml version="1.0" encoding="UTF-8"?>
<!-- Generated by org.testng.reporters.JUnitReportReporter -->
<testsuite hostname="lalitha" failures="0" tests="3" name="Automation.Test2" time="0.011" errors="0" timestamp="2020-04-19T22:24:12 IST" skipped="0">
  <testcase classname="Automation.Test2" name="Test2Method1" time="0.003"/>
  <system-out/>
  <testcase classname="Automation.Test2" name="Test2Method2" time="0.003"/>
  <system-out/>
  <testcase classname="Automation.Test2" name="Test2Method3" time="0.005"/>
  <system-out/>
</testsuite> <!-- Automation.Test2 -->
