<?xml version="1.0" encoding="UTF-8"?>
<!-- Generated by org.testng.reporters.JUnitReportReporter -->
<testsuite hostname="lalitha" failures="0" tests="3" name="Automation.Test1" time="0.014" errors="0" timestamp="2020-04-19T23:04:13 IST" skipped="0">
  <testcase classname="Automation.Test1" name="Test1Method2" time="0.002"/>
  <system-out/>
  <testcase classname="Automation.Test1" name="Test1Method1" time="0.010"/>
  <system-out/>
  <testcase classname="Automation.Test1" name="Test1Method3" time="0.002"/>
  <system-out/>
</testsuite> <!-- Automation.Test1 -->
