<?xml version="1.0" encoding="UTF-8"?>
<!-- Generated by org.testng.reporters.JUnitReportReporter -->
<testsuite skipped="0" hostname="lalitha" name="Automation.Test3" tests="3" failures="0" timestamp="2020-04-24T16:21:53 IST" time="0.004" errors="0">
  <testcase name="Test3Method2" time="0.001" classname="Automation.Test3"/>
  <system-out/>
  <testcase name="Test3Method3" time="0.001" classname="Automation.Test3"/>
  <system-out/>
  <testcase name="Test3Method1" time="0.002" classname="Automation.Test3"/>
  <system-out/>
</testsuite> <!-- Automation.Test3 -->
