<?xml version="1.0" encoding="UTF-8"?>
<!-- Generated by org.testng.reporters.JUnitReportReporter -->
<testsuite skipped="0" hostname="lalitha" name="Automation.Test1" tests="3" failures="0" timestamp="2020-04-24T16:21:53 IST" time="0.006" errors="0">
  <testcase name="Test1Method2" time="0.001" classname="Automation.Test1"/>
  <system-out/>
  <testcase name="Test1Method3" time="0.001" classname="Automation.Test1"/>
  <system-out/>
  <testcase name="Test1Method1" time="0.004" classname="Automation.Test1"/>
  <system-out/>
</testsuite> <!-- Automation.Test1 -->
