<?xml version="1.0" encoding="UTF-8"?>
<!-- Generated by org.testng.reporters.JUnitReportReporter -->
<testsuite skipped="0" hostname="lalitha" name="Automation.Test2" tests="3" failures="0" timestamp="2020-04-24T16:20:09 IST" time="0.004" errors="0">
  <testcase name="Test2Method2" time="0.001" classname="Automation.Test2"/>
  <system-out/>
  <testcase name="Test2Method3" time="0.001" classname="Automation.Test2"/>
  <system-out/>
  <testcase name="Test2Method1" time="0.002" classname="Automation.Test2"/>
  <system-out/>
</testsuite> <!-- Automation.Test2 -->
